0 info it worked if it ends with ok
1 verbose cli [ '/usr/local/Cellar/node/5.10.1/bin/node',
1 verbose cli   '/usr/local/bin/npm',
1 verbose cli   'run',
1 verbose cli   'run-deploy' ]
2 info using npm@3.8.3
3 info using node@v5.10.1
4 verbose run-script [ 'prerun-deploy', 'run-deploy', 'postrun-deploy' ]
5 info lifecycle gatsby-starter-blog@1.0.0~prerun-deploy: gatsby-starter-blog@1.0.0
6 silly lifecycle gatsby-starter-blog@1.0.0~prerun-deploy: no script for prerun-deploy, continuing
7 info lifecycle gatsby-starter-blog@1.0.0~run-deploy: gatsby-starter-blog@1.0.0
8 verbose lifecycle gatsby-starter-blog@1.0.0~run-deploy: unsafe-perm in lifecycle true
9 verbose lifecycle gatsby-starter-blog@1.0.0~run-deploy: PATH: /usr/local/lib/node_modules/npm/bin/node-gyp-bin:/Users/jonochang/client/silverpond/silverpond-website/node_modules/.bin:/usr/local/Cellar/node/5.10.1/bin:/Users/jonochang/rubies/ruby-2.2.2/bin:/usr/local/sbin:/usr/local/sbin:/usr/local/bin:/usr/bin:/bin:/usr/sbin:/sbin:/usr/local/bin
10 verbose lifecycle gatsby-starter-blog@1.0.0~run-deploy: CWD: /Users/jonochang/client/silverpond/silverpond-website
11 silly lifecycle gatsby-starter-blog@1.0.0~run-deploy: Args: [ '-c', './deploy.sh' ]
12 silly lifecycle gatsby-starter-blog@1.0.0~run-deploy: Returned: code: 126  signal: null
13 info lifecycle gatsby-starter-blog@1.0.0~run-deploy: Failed to exec run-deploy script
14 verbose stack Error: gatsby-starter-blog@1.0.0 run-deploy: `./deploy.sh`
14 verbose stack Exit status 126
14 verbose stack     at EventEmitter.<anonymous> (/usr/local/lib/node_modules/npm/lib/utils/lifecycle.js:239:16)
14 verbose stack     at emitTwo (events.js:100:13)
14 verbose stack     at EventEmitter.emit (events.js:185:7)
14 verbose stack     at ChildProcess.<anonymous> (/usr/local/lib/node_modules/npm/lib/utils/spawn.js:24:14)
14 verbose stack     at emitTwo (events.js:100:13)
14 verbose stack     at ChildProcess.emit (events.js:185:7)
14 verbose stack     at maybeClose (internal/child_process.js:850:16)
14 verbose stack     at Process.ChildProcess._handle.onexit (internal/child_process.js:215:5)
15 verbose pkgid gatsby-starter-blog@1.0.0
16 verbose cwd /Users/jonochang/client/silverpond/silverpond-website
17 error Darwin 15.6.0
18 error argv "/usr/local/Cellar/node/5.10.1/bin/node" "/usr/local/bin/npm" "run" "run-deploy"
19 error node v5.10.1
20 error npm  v3.8.3
21 error code ELIFECYCLE
22 error gatsby-starter-blog@1.0.0 run-deploy: `./deploy.sh`
22 error Exit status 126
23 error Failed at the gatsby-starter-blog@1.0.0 run-deploy script './deploy.sh'.
23 error Make sure you have the latest version of node.js and npm installed.
23 error If you do, this is most likely a problem with the gatsby-starter-blog package,
23 error not with npm itself.
23 error Tell the author that this fails on your system:
23 error     ./deploy.sh
23 error You can get information on how to open an issue for this project with:
23 error     npm bugs gatsby-starter-blog
23 error Or if that isn't available, you can get their info via:
23 error     npm owner ls gatsby-starter-blog
23 error There is likely additional logging output above.
24 verbose exit [ 1, true ]
